<?xml version="1.0" encoding="UTF-8"?>
<!-- Generated by org.testng.reporters.JUnitReportReporter -->
<testsuite hostname="DESKTOP-P0DJ7MS" failures="0" tests="1" name="Testng.CreatePurchaseOrderWithItemNamePomTest" time="100.163" errors="0" timestamp="2022-01-19T09:04:24 IST" skipped="0">
  <testcase classname="Testng.CreatePurchaseOrderWithItemNamePomTest" name="createPuchaseOrderFram" time="100.163"/>
  <system-out/>
</testsuite> <!-- Testng.CreatePurchaseOrderWithItemNamePomTest -->
