<?xml version="1.0" encoding="UTF-8"?>
<!-- Generated by org.testng.reporters.JUnitReportReporter -->
<testsuite hostname="DESKTOP-P0DJ7MS" failures="0" tests="4" name="Testng.Customer" time="0.047" errors="0" timestamp="2022-01-17T22:17:35 IST" skipped="0">
  <testcase classname="Testng.Customer" name="customerTest1" time="0.030"/>
  <system-out/>
  <testcase classname="Testng.Customer" name="customerTest3" time="0.006"/>
  <system-out/>
  <testcase classname="Testng.Customer" name="cutomerTest4" time="0.005"/>
  <system-out/>
  <testcase classname="Testng.Customer" name="cutomerTest2" time="0.006"/>
  <system-out/>
</testsuite> <!-- Testng.Customer -->
