<?xml version="1.0" encoding="UTF-8"?>
<!-- Generated by org.testng.reporters.JUnitReportReporter -->
<testsuite hostname="DESKTOP-P0DJ7MS" failures="0" tests="4" name="Testng.Customer2" time="0.073" errors="0" timestamp="2022-01-17T22:17:35 IST" skipped="0">
  <testcase classname="Testng.Customer2" name="customerTest7" time="0.015"/>
  <system-out/>
  <testcase classname="Testng.Customer2" name="cutomerTest6" time="0.037"/>
  <system-out/>
  <testcase classname="Testng.Customer2" name="cutomerTest8" time="0.008"/>
  <system-out/>
  <testcase classname="Testng.Customer2" name="customerTest5" time="0.013"/>
  <system-out/>
</testsuite> <!-- Testng.Customer2 -->
