<?xml version="1.0" encoding="UTF-8"?>
<!-- Generated by org.testng.reporters.JUnitReportReporter -->
<testsuite hostname="DESKTOP-P0DJ7MS" failures="0" tests="1" name="Testng.CreatePurchaseOrderTest" time="101.676" errors="0" timestamp="2022-01-19T20:49:14 IST" skipped="0">
  <testcase classname="Testng.CreatePurchaseOrderTest" name="createPuchaseOrderFram" time="101.676"/>
  <system-out/>
</testsuite> <!-- Testng.CreatePurchaseOrderTest -->
