<?xml version="1.0" encoding="UTF-8"?>
<!-- Generated by org.testng.reporters.JUnitReportReporter -->
<testsuite hostname="DESKTOP-P0DJ7MS" failures="0" tests="1" name="Testng.CreatePurchaseOrderFramTest" time="275.432" errors="0" timestamp="2022-01-20T15:13:57 IST" skipped="0">
  <testcase classname="Testng.CreatePurchaseOrderFramTest" name="createPuchaseOrderFram" time="275.432"/>
  <system-out/>
</testsuite> <!-- Testng.CreatePurchaseOrderFramTest -->
