<?xml version="1.0" encoding="UTF-8"?>
<!-- Generated by org.testng.reporters.JUnitReportReporter -->
<testsuite hostname="DESKTOP-P0DJ7MS" failures="0" tests="1" name="Testng.CreatePurchaseOrderWithVendorNamePomTest" time="110.407" errors="0" timestamp="2022-01-19T09:04:24 IST" skipped="0">
  <testcase classname="Testng.CreatePurchaseOrderWithVendorNamePomTest" name="createPuchaseOrderFram" time="110.407"/>
  <system-out/>
</testsuite> <!-- Testng.CreatePurchaseOrderWithVendorNamePomTest -->
