<?xml version="1.0" encoding="UTF-8"?>
<!-- Generated by org.testng.reporters.JUnitXMLReporter -->
<testsuite ignored="2" hostname="DESKTOP-P0DJ7MS" failures="0" tests="2" name="Test-runner-1" time="453.765" errors="0" timestamp="2022-01-18T17:34:49 IST">
  <testcase classname="Testng.CreatePurchaseOrderTest" name="createPuchaseOrderFram" time="244.835"/>
  <testcase classname="Testng.CreatePurchaseOrderFramTest" name="createPuchaseOrderFram" time="128.595"/>
  <testcase classname="com.crm.comcast.sdet28.GenericUtility.BaseClass" name="@BeforeSuite confidBs" time="0.0">
    <ignored/>
  </testcase> <!-- @BeforeSuite confidBs -->
  <testcase classname="com.crm.comcast.sdet28.GenericUtility.BaseClass" name="@AfterSuite configAs" time="0.0">
    <ignored/>
  </testcase> <!-- @AfterSuite configAs -->
</testsuite> <!-- Test-runner-1 -->
