<?xml version="1.0" encoding="UTF-8"?>
<!-- Generated by org.testng.reporters.JUnitXMLReporter -->
<testsuite ignored="0" hostname="DESKTOP-P0DJ7MS" failures="0" tests="1" name="Test-runner-2" time="294.347" errors="0" timestamp="2022-01-18T17:32:10 IST">
  <testcase classname="Testng.CreatePurchaseOrderTest" name="createPuchaseOrderFram" time="243.796"/>
</testsuite> <!-- Test-runner-2 -->
